c:\users\karch\downloads\mp2-full-sources-master (1)\test\03_matrix\debug\vc143.pdb
c:\users\karch\downloads\mp2-full-sources-master (1)\test\03_matrix\debug\vc143.idb
c:\users\karch\downloads\mp2-full-sources-master (1)\test\03_matrix\debug\main.obj
c:\users\karch\downloads\mp2-full-sources-master (1)\test\03_matrix\debug\03_matrix.ilk
c:\users\karch\downloads\mp2-full-sources-master (1)\test\debug\03_matrix.exe
c:\users\karch\downloads\mp2-full-sources-master (1)\test\debug\03_matrix.pdb
c:\users\стёпа\desktop\testmatrix\03_matrix\debug\gtest-all.obj
c:\users\стёпа\desktop\testmatrix\03_matrix\debug\main.obj
c:\users\стёпа\desktop\testmatrix\03_matrix\debug\test_main.obj
c:\users\стёпа\desktop\testmatrix\03_matrix\debug\test_tmatrix.obj
c:\users\стёпа\desktop\testmatrix\03_matrix\debug\test_tvector.obj
c:\users\стёпа\desktop\testmatrix\03_matrix\debug\03_matrix.ilk
c:\users\стёпа\desktop\testmatrix\03_matrix\debug\03_testmatrix.ilk
c:\users\стёпа\desktop\testmatrix\03_matrix\debug\vc143.idb
c:\users\стёпа\desktop\testmatrix\03_matrix\debug\vc143.pdb
c:\users\стёпа\desktop\testmatrix\03_matrix\debug\03_matrix.tlog\cl.command.1.tlog
c:\users\стёпа\desktop\testmatrix\03_matrix\debug\03_matrix.tlog\cl.read.1.tlog
c:\users\стёпа\desktop\testmatrix\03_matrix\debug\03_matrix.tlog\cl.write.1.tlog
c:\users\стёпа\desktop\testmatrix\03_matrix\debug\03_matrix.tlog\link.command.1.tlog
c:\users\стёпа\desktop\testmatrix\03_matrix\debug\03_matrix.tlog\link.read.1.tlog
c:\users\стёпа\desktop\testmatrix\03_matrix\debug\03_matrix.tlog\link.write.1.tlog
